[0.011s] Invoking command in '/home/ros/ros_learn/ws01_plumbing/build/cpp03_action': AMENT_PREFIX_PATH=/home/ros/ros_learn/ws01_plumbing/install/base_interfaces_demo:${AMENT_PREFIX_PATH} CMAKE_PREFIX_PATH=/home/ros/ros_learn/ws01_plumbing/install/base_interfaces_demo:/opt/ros/humble LD_LIBRARY_PATH=/home/ros/ros_learn/ws01_plumbing/install/base_interfaces_demo/lib:${LD_LIBRARY_PATH} PYTHONPATH=/home/ros/ros_learn/ws01_plumbing/install/base_interfaces_demo/local/lib/python3.10/dist-packages:${PYTHONPATH} /usr/bin/cmake --build /home/ros/ros_learn/ws01_plumbing/build/cpp03_action -- -j16 -l16
[0.059s] [35m[1mConsolidate compiler generated dependencies of target demo02_client[0m
[0.060s] [35m[1mConsolidate compiler generated dependencies of target demo01_server[0m
[0.075s] [ 75%] [32mBuilding CXX object CMakeFiles/demo01_server.dir/src/demo01_server.cpp.o[0m
[0.075s] [ 75%] Built target demo02_client
[0.301s] [01m[K/home/ros/ros_learn/ws01_plumbing/src/cpp03_action/src/demo01_server.cpp:2:10:[m[K [01;31m[Kfatal error: [m[Krclcpp_action/rclcpp_action.hpp: æ²¡æœ‰é‚£ä¸ªæ–‡ä»¶æˆ–ç›®å½•
[0.301s]     2 | #include [01;31m[K"rclcpp_action/rclcpp_action.hpp"[m[K
[0.301s]       |          [01;31m[K^~~~~~~~~~~~~~~~~~~~~~~~~~~~~~~~~[m[K
[0.302s] compilation terminated.
[0.305s] gmake[2]: *** [CMakeFiles/demo01_server.dir/build.make:76ï¼šCMakeFiles/demo01_server.dir/src/demo01_server.cpp.o] é”™è¯¯ 1
[0.305s] gmake[1]: *** [CMakeFiles/Makefile2:139ï¼šCMakeFiles/demo01_server.dir/all] é”™è¯¯ 2
[0.305s] gmake: *** [Makefile:146ï¼šall] é”™è¯¯ 2
[0.308s] Invoked command in '/home/ros/ros_learn/ws01_plumbing/build/cpp03_action' returned '2': AMENT_PREFIX_PATH=/home/ros/ros_learn/ws01_plumbing/install/base_interfaces_demo:${AMENT_PREFIX_PATH} CMAKE_PREFIX_PATH=/home/ros/ros_learn/ws01_plumbing/install/base_interfaces_demo:/opt/ros/humble LD_LIBRARY_PATH=/home/ros/ros_learn/ws01_plumbing/install/base_interfaces_demo/lib:${LD_LIBRARY_PATH} PYTHONPATH=/home/ros/ros_learn/ws01_plumbing/install/base_interfaces_demo/local/lib/python3.10/dist-packages:${PYTHONPATH} /usr/bin/cmake --build /home/ros/ros_learn/ws01_plumbing/build/cpp03_action -- -j16 -l16
