[01m[K/home/ros/ros_learn/ws01_plumbing/src/cpp01_topic/src/demo04_listener_stu.cpp:16:26:[m[K [01;31m[Kerror: [m[Kâ€˜[01m[Kstd_msgs[m[Kâ€™ was not declared in this scope
   16 |     rclcpp::Subscription<[01;31m[Kstd_msgs[m[K::msg::String>::SharedPtr subscription_;
      |                          [01;31m[K^~~~~~~~[m[K
[01m[K/home/ros/ros_learn/ws01_plumbing/src/cpp01_topic/src/demo04_listener_stu.cpp:16:47:[m[K [01;31m[Kerror: [m[Ktemplate argument 1 is invalid
   16 |     rclcpp::Subscription<std_msgs::msg::String[01;31m[K>[m[K::SharedPtr subscription_;
      |                                               [01;31m[K^[m[K
[01m[K/home/ros/ros_learn/ws01_plumbing/src/cpp01_topic/src/demo04_listener_stu.cpp:16:47:[m[K [01;31m[Kerror: [m[Ktemplate argument 3 is invalid
[01m[K/home/ros/ros_learn/ws01_plumbing/src/cpp01_topic/src/demo04_listener_stu.cpp:16:47:[m[K [01;31m[Kerror: [m[Ktemplate argument 4 is invalid
[01m[K/home/ros/ros_learn/ws01_plumbing/src/cpp01_topic/src/demo04_listener_stu.cpp:16:47:[m[K [01;31m[Kerror: [m[Ktemplate argument 5 is invalid
[01m[K/home/ros/ros_learn/ws01_plumbing/src/cpp01_topic/src/demo04_listener_stu.cpp:16:50:[m[K [01;31m[Kerror: [m[Kexpected â€˜[01m[K;[m[Kâ€™ at end of member declaration
   16 |     rclcpp::Subscription<std_msgs::msg::String>::[01;31m[KSharedPtr[m[K subscription_;
      |                                                  [01;31m[K^~~~~~~~~[m[K
      |                                                           [32m[K;[m[K
[01m[K/home/ros/ros_learn/ws01_plumbing/src/cpp01_topic/src/demo04_listener_stu.cpp:16:60:[m[K [01;31m[Kerror: [m[Kâ€˜[01m[Ksubscription_[m[Kâ€™ does not name a type; did you mean â€˜[01m[Krmw_subscription_t[m[Kâ€™?
   16 |     rclcpp::Subscription<std_msgs::msg::String>::SharedPtr [01;31m[Ksubscription_[m[K;
      |                                                            [01;31m[K^~~~~~~~~~~~~[m[K
      |                                                            [32m[Krmw_subscription_t[m[K
[01m[K/home/ros/ros_learn/ws01_plumbing/src/cpp01_topic/src/demo04_listener_stu.cpp:[m[K In constructor â€˜[01m[KListenerStu::ListenerStu()[m[Kâ€™:
[01m[K/home/ros/ros_learn/ws01_plumbing/src/cpp01_topic/src/demo04_listener_stu.cpp:9:9:[m[K [01;31m[Kerror: [m[Kâ€˜[01m[Ksubscription_[m[Kâ€™ was not declared in this scope; did you mean â€˜[01m[Krmw_subscription_t[m[Kâ€™?
    9 |         [01;31m[Ksubscription_[m[K = this->create_subscription<std_msgs::msg::String>(
      |         [01;31m[K^~~~~~~~~~~~~[m[K
      |         [32m[Krmw_subscription_t[m[K
[01m[K/home/ros/ros_learn/ws01_plumbing/src/cpp01_topic/src/demo04_listener_stu.cpp:9:51:[m[K [01;31m[Kerror: [m[Kâ€˜[01m[Kstd_msgs[m[Kâ€™ was not declared in this scope
    9 |         subscription_ = this->create_subscription<[01;31m[Kstd_msgs[m[K::msg::String>(
      |                                                   [01;31m[K^~~~~~~~[m[K
[01m[K/home/ros/ros_learn/ws01_plumbing/src/cpp01_topic/src/demo04_listener_stu.cpp:9:31:[m[K [01;31m[Kerror: [m[Kparse error in template argument list
    9 |         subscription_ = this->[01;31m[Kcreate_subscription<std_msgs::msg::String>[m[K(
      |                               [01;31m[K^~~~~~~~~~~~~~~~~~~~~~~~~~~~~~~~~~~~~~~~~~[m[K
[01m[K/home/ros/ros_learn/ws01_plumbing/src/cpp01_topic/src/demo04_listener_stu.cpp:10:39:[m[K [01;31m[Kerror: [m[Kâ€˜[01m[Kstd_msgs[m[Kâ€™ does not name a type
   10 |             "topic", 10, [this](const [01;31m[Kstd_msgs[m[K::msg::String::SharedPtr msg) {
      |                                       [01;31m[K^~~~~~~~[m[K
[01m[K/home/ros/ros_learn/ws01_plumbing/src/cpp01_topic/src/demo04_listener_stu.cpp:[m[K In lambda function:
[01m[K/home/ros/ros_learn/ws01_plumbing/src/cpp01_topic/src/demo04_listener_stu.cpp:12:15:[m[K [01;31m[Kerror: [m[Kexpected â€˜[01m[K{[m[Kâ€™ before â€˜[01m[K;[m[Kâ€™ token
   12 |             })[01;31m[K;[m[K
      |               [01;31m[K^[m[K
[01m[K/home/ros/ros_learn/ws01_plumbing/src/cpp01_topic/src/demo04_listener_stu.cpp:[m[K In constructor â€˜[01m[KListenerStu::ListenerStu()[m[Kâ€™:
[01m[K/home/ros/ros_learn/ws01_plumbing/src/cpp01_topic/src/demo04_listener_stu.cpp:12:15:[m[K [01;31m[Kerror: [m[Kexpected â€˜[01m[K)[m[Kâ€™ before â€˜[01m[K;[m[Kâ€™ token
[01m[K/home/ros/ros_learn/ws01_plumbing/src/cpp01_topic/src/demo04_listener_stu.cpp:9:73:[m[K [01;36m[Knote: [m[Kto match this â€˜[01m[K([m[Kâ€™
    9 |         subscription_ = this->create_subscription<std_msgs::msg::String>[01;36m[K([m[K
      |                                                                         [01;36m[K^[m[K
gmake[2]: *** [CMakeFiles/demo04_listener_stu.dir/build.make:76ï¼šCMakeFiles/demo04_listener_stu.dir/src/demo04_listener_stu.cpp.o] é”™è¯¯ 1
gmake[1]: *** [CMakeFiles/Makefile2:221ï¼šCMakeFiles/demo04_listener_stu.dir/all] é”™è¯¯ 2
gmake[1]: *** æ­£åœ¨ç­‰å¾…æœªå®Œæˆçš„ä»»åŠ¡....
gmake: *** [Makefile:146ï¼šall] é”™è¯¯ 2
