[0.011s] Invoking command in '/home/ros/ros_learn/ws01_plumbing/build/cpp01_topic': CMAKE_PREFIX_PATH=/home/ros/ros_learn/ws01_plumbing/install/base_interfaces_demo:/home/ros/ros_learn/ws01_plumbing/install/cpp01_topic:/home/ros/ros_learn/ws01_plumbing/install/py01_topic:/opt/ros/humble /usr/bin/cmake --build /home/ros/ros_learn/ws01_plumbing/build/cpp01_topic -- -j16 -l16
[0.031s] -- Found ament_cmake: 1.3.11 (/opt/ros/humble/share/ament_cmake/cmake)
[0.129s] -- Found rclcpp: 16.0.11 (/opt/ros/humble/share/rclcpp/cmake)
[0.150s] -- Found rosidl_generator_c: 3.1.6 (/opt/ros/humble/share/rosidl_generator_c/cmake)
[0.152s] -- Found rosidl_adapter: 3.1.6 (/opt/ros/humble/share/rosidl_adapter/cmake)
[0.156s] -- Found rosidl_generator_cpp: 3.1.6 (/opt/ros/humble/share/rosidl_generator_cpp/cmake)
[0.163s] -- Using all available rosidl_typesupport_c: rosidl_typesupport_fastrtps_c;rosidl_typesupport_introspection_c
[0.172s] -- Using all available rosidl_typesupport_cpp: rosidl_typesupport_fastrtps_cpp;rosidl_typesupport_introspection_cpp
[0.196s] -- Found rmw_implementation_cmake: 6.1.2 (/opt/ros/humble/share/rmw_implementation_cmake/cmake)
[0.197s] -- Found rmw_fastrtps_cpp: 6.2.7 (/opt/ros/humble/share/rmw_fastrtps_cpp/cmake)
[0.279s] -- Using RMW implementation 'rmw_fastrtps_cpp' as default
[0.315s] -- Found base_interfaces_demo: 0.0.0 (/home/ros/ros_learn/ws01_plumbing/install/base_interfaces_demo/share/base_interfaces_demo/cmake)
[0.325s] -- Found ament_lint_auto: 0.12.11 (/opt/ros/humble/share/ament_lint_auto/cmake)
[0.378s] -- Added test 'cppcheck' to perform static code analysis on C / C++ code
[0.378s] -- Configured cppcheck include dirs: $<BUILD_INTERFACE:/home/ros/ros_learn/ws01_plumbing/src/cpp01_topic/include>
[0.378s] -- Configured cppcheck exclude dirs and/or files: 
[0.378s] -- Added test 'lint_cmake' to check CMake code style
[0.379s] -- Added test 'uncrustify' to check C / C++ code style
[0.379s] -- Configured uncrustify additional arguments: 
[0.379s] -- Added test 'xmllint' to check XML markup files
[0.380s] -- Configuring done
[0.395s] -- Generating done
[0.401s] -- Build files have been written to: /home/ros/ros_learn/ws01_plumbing/build/cpp01_topic
[0.424s] [35m[1mConsolidate compiler generated dependencies of target demo02_listener_str[0m
[0.424s] [35m[1mConsolidate compiler generated dependencies of target demo01_talker_str[0m
[0.432s] [ 25%] [32mBuilding CXX object CMakeFiles/demo03_talker_stu.dir/src/demo03_talker_stu.cpp.o[0m
[0.432s] [ 25%] [32mBuilding CXX object CMakeFiles/demo04_listener_stu.dir/src/demo04_listener_stu.cpp.o[0m
[0.439s] [ 50%] [32mBuilding CXX object CMakeFiles/demo01_talker_str.dir/src/demo01_talker_str.cpp.o[0m
[0.439s] [ 50%] [32mBuilding CXX object CMakeFiles/demo02_listener_str.dir/src/demo02_listener_str.cpp.o[0m
[2.436s] [01m[K/home/ros/ros_learn/ws01_plumbing/src/cpp01_topic/src/demo04_listener_stu.cpp:16:26:[m[K [01;31m[Kerror: [m[K‚Äò[01m[Kstd_msgs[m[K‚Äô was not declared in this scope
[2.436s]    16 |     rclcpp::Subscription<[01;31m[Kstd_msgs[m[K::msg::String>::SharedPtr subscription_;
[2.436s]       |                          [01;31m[K^~~~~~~~[m[K
[2.436s] [01m[K/home/ros/ros_learn/ws01_plumbing/src/cpp01_topic/src/demo04_listener_stu.cpp:16:47:[m[K [01;31m[Kerror: [m[Ktemplate argument 1 is invalid
[2.436s]    16 |     rclcpp::Subscription<std_msgs::msg::String[01;31m[K>[m[K::SharedPtr subscription_;
[2.436s]       |                                               [01;31m[K^[m[K
[2.436s] [01m[K/home/ros/ros_learn/ws01_plumbing/src/cpp01_topic/src/demo04_listener_stu.cpp:16:47:[m[K [01;31m[Kerror: [m[Ktemplate argument 3 is invalid
[2.436s] [01m[K/home/ros/ros_learn/ws01_plumbing/src/cpp01_topic/src/demo04_listener_stu.cpp:16:47:[m[K [01;31m[Kerror: [m[Ktemplate argument 4 is invalid
[2.436s] [01m[K/home/ros/ros_learn/ws01_plumbing/src/cpp01_topic/src/demo04_listener_stu.cpp:16:47:[m[K [01;31m[Kerror: [m[Ktemplate argument 5 is invalid
[2.436s] [01m[K/home/ros/ros_learn/ws01_plumbing/src/cpp01_topic/src/demo04_listener_stu.cpp:16:50:[m[K [01;31m[Kerror: [m[Kexpected ‚Äò[01m[K;[m[K‚Äô at end of member declaration
[2.437s]    16 |     rclcpp::Subscription<std_msgs::msg::String>::[01;31m[KSharedPtr[m[K subscription_;
[2.437s]       |                                                  [01;31m[K^~~~~~~~~[m[K
[2.437s]       |                                                           [32m[K;[m[K
[2.437s] [01m[K/home/ros/ros_learn/ws01_plumbing/src/cpp01_topic/src/demo04_listener_stu.cpp:16:60:[m[K [01;31m[Kerror: [m[K‚Äò[01m[Ksubscription_[m[K‚Äô does not name a type; did you mean ‚Äò[01m[Krmw_subscription_t[m[K‚Äô?
[2.437s]    16 |     rclcpp::Subscription<std_msgs::msg::String>::SharedPtr [01;31m[Ksubscription_[m[K;
[2.437s]       |                                                            [01;31m[K^~~~~~~~~~~~~[m[K
[2.437s]       |                                                            [32m[Krmw_subscription_t[m[K
[2.443s] [01m[K/home/ros/ros_learn/ws01_plumbing/src/cpp01_topic/src/demo04_listener_stu.cpp:[m[K In constructor ‚Äò[01m[KListenerStu::ListenerStu()[m[K‚Äô:
[2.443s] [01m[K/home/ros/ros_learn/ws01_plumbing/src/cpp01_topic/src/demo04_listener_stu.cpp:9:9:[m[K [01;31m[Kerror: [m[K‚Äò[01m[Ksubscription_[m[K‚Äô was not declared in this scope; did you mean ‚Äò[01m[Krmw_subscription_t[m[K‚Äô?
[2.443s]     9 |         [01;31m[Ksubscription_[m[K = this->create_subscription<std_msgs::msg::String>(
[2.443s]       |         [01;31m[K^~~~~~~~~~~~~[m[K
[2.443s]       |         [32m[Krmw_subscription_t[m[K
[2.447s] [01m[K/home/ros/ros_learn/ws01_plumbing/src/cpp01_topic/src/demo04_listener_stu.cpp:9:51:[m[K [01;31m[Kerror: [m[K‚Äò[01m[Kstd_msgs[m[K‚Äô was not declared in this scope
[2.447s]     9 |         subscription_ = this->create_subscription<[01;31m[Kstd_msgs[m[K::msg::String>(
[2.448s]       |                                                   [01;31m[K^~~~~~~~[m[K
[2.448s] [01m[K/home/ros/ros_learn/ws01_plumbing/src/cpp01_topic/src/demo04_listener_stu.cpp:9:31:[m[K [01;31m[Kerror: [m[Kparse error in template argument list
[2.448s]     9 |         subscription_ = this->[01;31m[Kcreate_subscription<std_msgs::msg::String>[m[K(
[2.448s]       |                               [01;31m[K^~~~~~~~~~~~~~~~~~~~~~~~~~~~~~~~~~~~~~~~~~[m[K
[2.449s] [01m[K/home/ros/ros_learn/ws01_plumbing/src/cpp01_topic/src/demo04_listener_stu.cpp:10:39:[m[K [01;31m[Kerror: [m[K‚Äò[01m[Kstd_msgs[m[K‚Äô does not name a type
[2.449s]    10 |             "topic", 10, [this](const [01;31m[Kstd_msgs[m[K::msg::String::SharedPtr msg) {
[2.449s]       |                                       [01;31m[K^~~~~~~~[m[K
[2.449s] [01m[K/home/ros/ros_learn/ws01_plumbing/src/cpp01_topic/src/demo04_listener_stu.cpp:[m[K In lambda function:
[2.449s] [01m[K/home/ros/ros_learn/ws01_plumbing/src/cpp01_topic/src/demo04_listener_stu.cpp:12:15:[m[K [01;31m[Kerror: [m[Kexpected ‚Äò[01m[K{[m[K‚Äô before ‚Äò[01m[K;[m[K‚Äô token
[2.449s]    12 |             })[01;31m[K;[m[K
[2.449s]       |               [01;31m[K^[m[K
[2.449s] [01m[K/home/ros/ros_learn/ws01_plumbing/src/cpp01_topic/src/demo04_listener_stu.cpp:[m[K In constructor ‚Äò[01m[KListenerStu::ListenerStu()[m[K‚Äô:
[2.449s] [01m[K/home/ros/ros_learn/ws01_plumbing/src/cpp01_topic/src/demo04_listener_stu.cpp:12:15:[m[K [01;31m[Kerror: [m[Kexpected ‚Äò[01m[K)[m[K‚Äô before ‚Äò[01m[K;[m[K‚Äô token
[2.449s] [01m[K/home/ros/ros_learn/ws01_plumbing/src/cpp01_topic/src/demo04_listener_stu.cpp:9:73:[m[K [01;36m[Knote: [m[Kto match this ‚Äò[01m[K([m[K‚Äô
[2.449s]     9 |         subscription_ = this->create_subscription<std_msgs::msg::String>[01;36m[K([m[K
[2.449s]       |                                                                         [01;36m[K^[m[K
[2.807s] gmake[2]: *** [CMakeFiles/demo04_listener_stu.dir/build.make:76ÔºöCMakeFiles/demo04_listener_stu.dir/src/demo04_listener_stu.cpp.o] ÈîôËØØ 1
[2.807s] gmake[1]: *** [CMakeFiles/Makefile2:221ÔºöCMakeFiles/demo04_listener_stu.dir/all] ÈîôËØØ 2
[2.807s] gmake[1]: *** Ê≠£Âú®Á≠âÂæÖÊú™ÂÆåÊàêÁöÑ‰ªªÂä°....
[3.830s] [ 62%] [32m[1mLinking CXX executable demo01_talker_str[0m
[3.861s] [ 75%] [32m[1mLinking CXX executable demo03_talker_stu[0m
[3.988s] [ 75%] Built target demo01_talker_str
[4.020s] [ 75%] Built target demo03_talker_stu
[6.769s] [ 87%] [32m[1mLinking CXX executable demo02_listener_str[0m
[7.051s] [ 87%] Built target demo02_listener_str
[7.052s] gmake: *** [Makefile:146Ôºöall] ÈîôËØØ 2
[7.055s] Invoked command in '/home/ros/ros_learn/ws01_plumbing/build/cpp01_topic' returned '2': CMAKE_PREFIX_PATH=/home/ros/ros_learn/ws01_plumbing/install/base_interfaces_demo:/home/ros/ros_learn/ws01_plumbing/install/cpp01_topic:/home/ros/ros_learn/ws01_plumbing/install/py01_topic:/opt/ros/humble /usr/bin/cmake --build /home/ros/ros_learn/ws01_plumbing/build/cpp01_topic -- -j16 -l16
