[0.026s] Invoking command in '/home/ros/ros_learn/ws01_plumbing/src/build/cpp04_param': CMAKE_PREFIX_PATH=/opt/ros/humble /usr/bin/cmake /home/ros/ros_learn/ws01_plumbing/src/cpp04_param -DCMAKE_INSTALL_PREFIX=/home/ros/ros_learn/ws01_plumbing/src/install/cpp04_param
[0.116s] -- The C compiler identification is GNU 11.4.0
[0.177s] -- The CXX compiler identification is GNU 11.4.0
[0.185s] -- Detecting C compiler ABI info
[0.244s] -- Detecting C compiler ABI info - done
[0.250s] -- Check for working C compiler: /usr/bin/cc - skipped
[0.250s] -- Detecting C compile features
[0.250s] -- Detecting C compile features - done
[0.253s] -- Detecting CXX compiler ABI info
[0.318s] -- Detecting CXX compiler ABI info - done
[0.323s] -- Check for working CXX compiler: /usr/bin/c++ - skipped
[0.324s] -- Detecting CXX compile features
[0.324s] -- Detecting CXX compile features - done
[0.327s] -- Found ament_cmake: 1.3.11 (/opt/ros/humble/share/ament_cmake/cmake)
[0.443s] -- Found Python3: /usr/bin/python3 (found version "3.10.12") found components: Interpreter 
[0.530s] -- Found rclcpp: 16.0.11 (/opt/ros/humble/share/rclcpp/cmake)
[0.570s] -- Found rosidl_generator_c: 3.1.6 (/opt/ros/humble/share/rosidl_generator_c/cmake)
[0.574s] -- Found rosidl_adapter: 3.1.6 (/opt/ros/humble/share/rosidl_adapter/cmake)
[0.582s] -- Found rosidl_generator_cpp: 3.1.6 (/opt/ros/humble/share/rosidl_generator_cpp/cmake)
[0.595s] -- Using all available rosidl_typesupport_c: rosidl_typesupport_fastrtps_c;rosidl_typesupport_introspection_c
[0.610s] -- Using all available rosidl_typesupport_cpp: rosidl_typesupport_fastrtps_cpp;rosidl_typesupport_introspection_cpp
[0.652s] -- Found rmw_implementation_cmake: 6.1.2 (/opt/ros/humble/share/rmw_implementation_cmake/cmake)
[0.654s] -- Found rmw_fastrtps_cpp: 6.2.7 (/opt/ros/humble/share/rmw_fastrtps_cpp/cmake)
[0.736s] -- Found OpenSSL: /usr/lib/x86_64-linux-gnu/libcrypto.so (found version "3.0.2")  
[0.758s] -- Found FastRTPS: /opt/ros/humble/include  
[0.791s] -- Using RMW implementation 'rmw_fastrtps_cpp' as default
[0.799s] -- Looking for pthread.h
[0.859s] -- Looking for pthread.h - found
[0.859s] -- Performing Test CMAKE_HAVE_LIBC_PTHREAD
[0.918s] -- Performing Test CMAKE_HAVE_LIBC_PTHREAD - Success
[0.919s] -- Found Threads: TRUE  
[0.966s] -- Found ament_lint_auto: 0.12.11 (/opt/ros/humble/share/ament_lint_auto/cmake)
[1.030s] -- Added test 'cppcheck' to perform static code analysis on C / C++ code
[1.030s] -- Configured cppcheck include dirs: $<BUILD_INTERFACE:/home/ros/ros_learn/ws01_plumbing/src/cpp04_param/include>
[1.030s] -- Configured cppcheck exclude dirs and/or files: 
[1.030s] -- Added test 'lint_cmake' to check CMake code style
[1.031s] -- Added test 'uncrustify' to check C / C++ code style
[1.032s] -- Configured uncrustify additional arguments: 
[1.032s] -- Added test 'xmllint' to check XML markup files
[1.033s] -- Configuring done
[1.040s] -- Generating done
[1.043s] -- Build files have been written to: /home/ros/ros_learn/ws01_plumbing/src/build/cpp04_param
[1.050s] Invoked command in '/home/ros/ros_learn/ws01_plumbing/src/build/cpp04_param' returned '0': CMAKE_PREFIX_PATH=/opt/ros/humble /usr/bin/cmake /home/ros/ros_learn/ws01_plumbing/src/cpp04_param -DCMAKE_INSTALL_PREFIX=/home/ros/ros_learn/ws01_plumbing/src/install/cpp04_param
[1.052s] Invoking command in '/home/ros/ros_learn/ws01_plumbing/src/build/cpp04_param': CMAKE_PREFIX_PATH=/opt/ros/humble /usr/bin/cmake --build /home/ros/ros_learn/ws01_plumbing/src/build/cpp04_param -- -j16 -l16
[1.092s] [ 50%] [32mBuilding CXX object CMakeFiles/demo00_param.dir/src/demo00_param.cpp.o[0m
[3.144s] In file included from [01m[K/usr/include/x86_64-linux-gnu/c++/11/bits/c++allocator.h:33[m[K,
[3.144s]                  from [01m[K/usr/include/c++/11/bits/allocator.h:46[m[K,
[3.144s]                  from [01m[K/usr/include/c++/11/memory:64[m[K,
[3.144s]                  from [01m[K/opt/ros/humble/include/rclcpp/rclcpp/rclcpp.hpp:153[m[K,
[3.144s]                  from [01m[K/home/ros/ros_learn/ws01_plumbing/src/cpp04_param/src/demo00_param.cpp:1[m[K:
[3.144s] /usr/include/c++/11/ext/new_allocator.h: In instantiation of â€˜[01m[Kvoid __gnu_cxx::new_allocator<_Tp>::construct(_Up*, _Args&& ...) [with _Up = Myparam; _Args = {}; _Tp = Myparam][m[Kâ€™:
[3.144s] [01m[K/usr/include/c++/11/bits/alloc_traits.h:516:17:[m[K   required from â€˜[01m[Kstatic void std::allocator_traits<std::allocator<_Tp1> >::construct(std::allocator_traits<std::allocator<_Tp1> >::allocator_type&, _Up*, _Args&& ...) [with _Up = Myparam; _Args = {}; _Tp = Myparam; std::allocator_traits<std::allocator<_Tp1> >::allocator_type = std::allocator<Myparam>][m[Kâ€™
[3.144s] [01m[K/usr/include/c++/11/bits/shared_ptr_base.h:519:39:[m[K   required from â€˜[01m[Kstd::_Sp_counted_ptr_inplace<_Tp, _Alloc, _Lp>::_Sp_counted_ptr_inplace(_Alloc, _Args&& ...) [with _Args = {}; _Tp = Myparam; _Alloc = std::allocator<Myparam>; __gnu_cxx::_Lock_policy _Lp = __gnu_cxx::_S_atomic][m[Kâ€™
[3.144s] [01m[K/usr/include/c++/11/bits/shared_ptr_base.h:650:16:[m[K   required from â€˜[01m[Kstd::__shared_count<_Lp>::__shared_count(_Tp*&, std::_Sp_alloc_shared_tag<_Alloc>, _Args&& ...) [with _Tp = Myparam; _Alloc = std::allocator<Myparam>; _Args = {}; __gnu_cxx::_Lock_policy _Lp = __gnu_cxx::_S_atomic][m[Kâ€™
[3.145s] [01m[K/usr/include/c++/11/bits/shared_ptr_base.h:1342:14:[m[K   required from â€˜[01m[Kstd::__shared_ptr<_Tp, _Lp>::__shared_ptr(std::_Sp_alloc_shared_tag<_Tp>, _Args&& ...) [with _Alloc = std::allocator<Myparam>; _Args = {}; _Tp = Myparam; __gnu_cxx::_Lock_policy _Lp = __gnu_cxx::_S_atomic][m[Kâ€™
[3.145s] [01m[K/usr/include/c++/11/bits/shared_ptr.h:409:59:[m[K   required from â€˜[01m[Kstd::shared_ptr<_Tp>::shared_ptr(std::_Sp_alloc_shared_tag<_Tp>, _Args&& ...) [with _Alloc = std::allocator<Myparam>; _Args = {}; _Tp = Myparam][m[Kâ€™
[3.145s] [01m[K/usr/include/c++/11/bits/shared_ptr.h:862:14:[m[K   required from â€˜[01m[Kstd::shared_ptr<_Tp> std::allocate_shared(const _Alloc&, _Args&& ...) [with _Tp = Myparam; _Alloc = std::allocator<Myparam>; _Args = {}][m[Kâ€™
[3.145s] [01m[K/usr/include/c++/11/bits/shared_ptr.h:878:39:[m[K   required from â€˜[01m[Kstd::shared_ptr<_Tp> std::make_shared(_Args&& ...) [with _Tp = Myparam; _Args = {}][m[Kâ€™
[3.145s] [01m[K/home/ros/ros_learn/ws01_plumbing/src/cpp04_param/src/demo00_param.cpp:26:40:[m[K   required from here
[3.145s] [01m[K/usr/include/c++/11/ext/new_allocator.h:162:11:[m[K [01;31m[Kerror: [m[Kâ€˜[01m[KMyparam::Myparam()[m[Kâ€™ is private within this context
[3.145s]   162 |         { [01;31m[K::new((void *)__p) _Up(std::forward<_Args>(__args)...)[m[K; }
[3.145s]       |           [01;31m[K^~~~~~~~~~~~~~~~~~~~~~~~~~~~~~~~~~~~~~~~~~~~~~~~~~~~~~[m[K
[3.145s] [01m[K/home/ros/ros_learn/ws01_plumbing/src/cpp04_param/src/demo00_param.cpp:5:3:[m[K [01;36m[Knote: [m[Kdeclared private here
[3.145s]     5 |   [01;36m[KMyparam[m[K():Node("my_param_node_cpp")
[3.145s]       |   [01;36m[K^~~~~~~[m[K
[3.208s] gmake[2]: *** [CMakeFiles/demo00_param.dir/build.make:76ï¼šCMakeFiles/demo00_param.dir/src/demo00_param.cpp.o] é”™è¯¯ 1
[3.208s] gmake[1]: *** [CMakeFiles/Makefile2:137ï¼šCMakeFiles/demo00_param.dir/all] é”™è¯¯ 2
[3.208s] gmake: *** [Makefile:146ï¼šall] é”™è¯¯ 2
[3.211s] Invoked command in '/home/ros/ros_learn/ws01_plumbing/src/build/cpp04_param' returned '2': CMAKE_PREFIX_PATH=/opt/ros/humble /usr/bin/cmake --build /home/ros/ros_learn/ws01_plumbing/src/build/cpp04_param -- -j16 -l16
