[0.012s] Invoking command in '/home/ros/ros_learn/ws01_plumbing/build/cpp03_action': CMAKE_PREFIX_PATH=/home/ros/ros_learn/ws01_plumbing/install/base_interfaces_demo:/home/ros/ros_learn/ws01_plumbing/install/cpp03_action:/home/ros/ros_learn/ws01_plumbing/install/cpp02_service:/home/ros/ros_learn/ws01_plumbing/install/cpp01_topic:/home/ros/ros_learn/ws01_plumbing/install/py02_service:/home/ros/ros_learn/ws01_plumbing/install/py01_topic:/opt/ros/humble /usr/bin/cmake --build /home/ros/ros_learn/ws01_plumbing/build/cpp03_action -- -j16 -l16
[0.038s] -- Found ament_cmake: 1.3.11 (/opt/ros/humble/share/ament_cmake/cmake)
[0.147s] -- Found rclcpp: 16.0.11 (/opt/ros/humble/share/rclcpp/cmake)
[0.177s] -- Found rosidl_generator_c: 3.1.6 (/opt/ros/humble/share/rosidl_generator_c/cmake)
[0.179s] -- Found rosidl_adapter: 3.1.6 (/opt/ros/humble/share/rosidl_adapter/cmake)
[0.185s] -- Found rosidl_generator_cpp: 3.1.6 (/opt/ros/humble/share/rosidl_generator_cpp/cmake)
[0.194s] -- Using all available rosidl_typesupport_c: rosidl_typesupport_fastrtps_c;rosidl_typesupport_introspection_c
[0.205s] -- Using all available rosidl_typesupport_cpp: rosidl_typesupport_fastrtps_cpp;rosidl_typesupport_introspection_cpp
[0.237s] -- Found rmw_implementation_cmake: 6.1.2 (/opt/ros/humble/share/rmw_implementation_cmake/cmake)
[0.238s] -- Found rmw_fastrtps_cpp: 6.2.7 (/opt/ros/humble/share/rmw_fastrtps_cpp/cmake)
[0.329s] -- Using RMW implementation 'rmw_fastrtps_cpp' as default
[0.372s] -- Found rclcpp_action: 16.0.11 (/opt/ros/humble/share/rclcpp_action/cmake)
[0.399s] -- Found base_interfaces_demo: 0.0.0 (/home/ros/ros_learn/ws01_plumbing/install/base_interfaces_demo/share/base_interfaces_demo/cmake)
[0.411s] -- Found ament_lint_auto: 0.12.11 (/opt/ros/humble/share/ament_lint_auto/cmake)
[0.467s] -- Added test 'cppcheck' to perform static code analysis on C / C++ code
[0.467s] -- Configured cppcheck include dirs: $<BUILD_INTERFACE:/home/ros/ros_learn/ws01_plumbing/src/cpp03_action/include>
[0.467s] -- Configured cppcheck exclude dirs and/or files: 
[0.467s] -- Added test 'lint_cmake' to check CMake code style
[0.468s] -- Added test 'uncrustify' to check C / C++ code style
[0.468s] -- Configured uncrustify additional arguments: 
[0.468s] -- Added test 'xmllint' to check XML markup files
[0.469s] -- Configuring done
[0.482s] -- Generating done
[0.486s] -- Build files have been written to: /home/ros/ros_learn/ws01_plumbing/build/cpp03_action
[0.508s] [35m[1mConsolidate compiler generated dependencies of target demo01_server[0m
[0.508s] [35m[1mConsolidate compiler generated dependencies of target demo02_client[0m
[0.524s] [ 75%] [32mBuilding CXX object CMakeFiles/demo01_server.dir/src/demo01_server.cpp.o[0m
[0.524s] [ 75%] Built target demo02_client
[0.723s] [01m[K/home/ros/ros_learn/ws01_plumbing/src/cpp03_action/src/demo01_server.cpp:2:10:[m[K [01;31m[Kfatal error: [m[Krclcpp_action/rclcpp_action.hpp: æ²¡æœ‰é‚£ä¸ªæ–‡ä»¶æˆ–ç›®å½•
[0.723s]     2 | #include [01;31m[K"rclcpp_action/rclcpp_action.hpp"[m[K
[0.723s]       |          [01;31m[K^~~~~~~~~~~~~~~~~~~~~~~~~~~~~~~~~[m[K
[0.723s] compilation terminated.
[0.726s] gmake[2]: *** [CMakeFiles/demo01_server.dir/build.make:76ï¼šCMakeFiles/demo01_server.dir/src/demo01_server.cpp.o] é”™è¯¯ 1
[0.726s] gmake[1]: *** [CMakeFiles/Makefile2:139ï¼šCMakeFiles/demo01_server.dir/all] é”™è¯¯ 2
[0.727s] gmake: *** [Makefile:146ï¼šall] é”™è¯¯ 2
[0.729s] Invoked command in '/home/ros/ros_learn/ws01_plumbing/build/cpp03_action' returned '2': CMAKE_PREFIX_PATH=/home/ros/ros_learn/ws01_plumbing/install/base_interfaces_demo:/home/ros/ros_learn/ws01_plumbing/install/cpp03_action:/home/ros/ros_learn/ws01_plumbing/install/cpp02_service:/home/ros/ros_learn/ws01_plumbing/install/cpp01_topic:/home/ros/ros_learn/ws01_plumbing/install/py02_service:/home/ros/ros_learn/ws01_plumbing/install/py01_topic:/opt/ros/humble /usr/bin/cmake --build /home/ros/ros_learn/ws01_plumbing/build/cpp03_action -- -j16 -l16
