[35m[1mConsolidate compiler generated dependencies of target demo01_server[0m
[ 25%] [32mBuilding CXX object CMakeFiles/demo02_client.dir/src/demo02_client.cpp.o[0m
[ 50%] [32mBuilding CXX object CMakeFiles/demo01_server.dir/src/demo01_server.cpp.o[0m
[01m[K/home/ros/ros_learn/ws01_plumbing/src/cpp02_service/src/demo02_client.cpp:2:10:[m[K [01;31m[Kfatal error: [m[Kdemo_interfaces/srv/add_ints.hpp: æ²¡æœ‰é‚£ä¸ªæ–‡ä»¶æˆ–ç›®å½•
    2 | #include [01;31m[K"demo_interfaces/srv/add_ints.hpp"[m[K
      |          [01;31m[K^~~~~~~~~~~~~~~~~~~~~~~~~~~~~~~~~~[m[K
compilation terminated.
gmake[2]: *** [CMakeFiles/demo02_client.dir/build.make:76ï¼šCMakeFiles/demo02_client.dir/src/demo02_client.cpp.o] é”™è¯¯ 1
gmake[1]: *** [CMakeFiles/Makefile2:165ï¼šCMakeFiles/demo02_client.dir/all] é”™è¯¯ 2
gmake[1]: *** æ­£åœ¨ç­‰å¾…æœªå®Œæˆçš„ä»»åŠ¡....
[ 75%] [32m[1mLinking CXX executable demo01_server[0m
[ 75%] Built target demo01_server
gmake: *** [Makefile:146ï¼šall] é”™è¯¯ 2
